jax.errors.SimplifiedTraceback: For simplicity, JAX has removed its internal frames from the traceback of the following exception. Set JAX_TRACEBACK_FILTERING=off to include these.

The above exception was the direct cause of the following exception:

Traceback (most recent call last):
  File "/Users/ishaan/CS/Research/CarvalhoRL/twosteptask/housemaze/dqn.py", line 352, in <module>
    main()
  File "/Users/ishaan/CS/Research/CarvalhoRL/twosteptask/housemaze/dqn.py", line 348, in main
    outs = jax.block_until_ready(train_vjit(rngs))
  File "/Users/ishaan/CS/Research/CarvalhoRL/twosteptask/housemaze/dqn.py", line 126, in train
    init_obs, env_state = vmap_reset(config["NUM_ENVS"])(_rng)
  File "/Users/ishaan/CS/Research/CarvalhoRL/twosteptask/housemaze/dqn.py", line 115, in <lambda>
    vmap_reset = lambda n_envs: lambda rng: jax.vmap(env.reset, in_axes=(0, None))(
  File "/Users/ishaan/miniconda3/envs/nicewebrl/lib/python3.10/site-packages/gymnax/wrappers/purerl.py", line 84, in reset
    obs, env_state = self._env.reset(key, params)
  File "/Users/ishaan/miniconda3/envs/nicewebrl/lib/python3.10/site-packages/gymnax/wrappers/purerl.py", line 49, in reset
    obs = jnp.reshape(obs, (-1,))
  File "/Users/ishaan/miniconda3/envs/nicewebrl/lib/python3.10/site-packages/jax/_src/numpy/lax_numpy.py", line 2146, in reshape
    util.check_arraylike("reshape", a)
  File "/Users/ishaan/miniconda3/envs/nicewebrl/lib/python3.10/site-packages/jax/_src/numpy/util.py", line 147, in check_arraylike
    raise TypeError(msg.format(fun_name, type(arg), pos))
TypeError: reshape requires ndarray or scalar arguments, got <class 'housemaze.Observation'> at position 0.
jax.errors.SimplifiedTraceback: For simplicity, JAX has removed its internal frames from the traceback of the following exception. Set JAX_TRACEBACK_FILTERING=off to include these.

The above exception was the direct cause of the following exception:

Traceback (most recent call last):
  File "/Users/ishaan/CS/Research/CarvalhoRL/twosteptask/housemaze/dqn.py", line 352, in <module>
    main()
  File "/Users/ishaan/CS/Research/CarvalhoRL/twosteptask/housemaze/dqn.py", line 348, in main
    outs = jax.block_until_ready(train_vjit(rngs))
  File "/Users/ishaan/CS/Research/CarvalhoRL/twosteptask/housemaze/dqn.py", line 126, in train
    init_obs, env_state = vmap_reset(config["NUM_ENVS"])(_rng)
  File "/Users/ishaan/CS/Research/CarvalhoRL/twosteptask/housemaze/dqn.py", line 115, in <lambda>
    vmap_reset = lambda n_envs: lambda rng: jax.vmap(env.reset, in_axes=(0, None))(
  File "/Users/ishaan/miniconda3/envs/nicewebrl/lib/python3.10/site-packages/gymnax/wrappers/purerl.py", line 84, in reset
    obs, env_state = self._env.reset(key, params)
  File "/Users/ishaan/miniconda3/envs/nicewebrl/lib/python3.10/site-packages/gymnax/wrappers/purerl.py", line 49, in reset
    obs = jnp.reshape(obs, (-1,))
  File "/Users/ishaan/miniconda3/envs/nicewebrl/lib/python3.10/site-packages/jax/_src/numpy/lax_numpy.py", line 2146, in reshape
    util.check_arraylike("reshape", a)
  File "/Users/ishaan/miniconda3/envs/nicewebrl/lib/python3.10/site-packages/jax/_src/numpy/util.py", line 147, in check_arraylike
    raise TypeError(msg.format(fun_name, type(arg), pos))
TypeError: reshape requires ndarray or scalar arguments, got <class 'housemaze.Observation'> at position 0.
